{"C:\\Users\\Davide\\Desktop\\Lyrics Bites\\mern\\Lyrics-bites-frontend-v2\\src\\components\\header\\header.jsx": {"path":"C:\\Users\\Davide\\Desktop\\Lyrics Bites\\mern\\Lyrics-bites-frontend-v2\\src\\components\\header\\header.jsx","all":false,"statementMap":{"0":{"start":{"line":1,"column":0},"end":{"line":1,"column":26}},"1":{"start":{"line":2,"column":0},"end":{"line":2,"column":0}},"2":{"start":{"line":3,"column":0},"end":{"line":3,"column":22}},"3":{"start":{"line":4,"column":0},"end":{"line":4,"column":10}},"4":{"start":{"line":5,"column":0},"end":{"line":5,"column":28}},"5":{"start":{"line":6,"column":0},"end":{"line":6,"column":27}},"6":{"start":{"line":7,"column":0},"end":{"line":7,"column":59}},"7":{"start":{"line":8,"column":0},"end":{"line":8,"column":10}},"8":{"start":{"line":9,"column":0},"end":{"line":9,"column":4}},"9":{"start":{"line":10,"column":0},"end":{"line":10,"column":2}},"10":{"start":{"line":11,"column":0},"end":{"line":11,"column":0}},"11":{"start":{"line":12,"column":0},"end":{"line":12,"column":22}}},"s":{"0":1,"1":1,"2":1,"3":1,"4":1,"5":1,"6":1,"7":1,"8":1,"9":1,"10":1,"11":1},"branchMap":{"0":{"type":"branch","line":3,"loc":{"start":{"line":3,"column":15},"end":{"line":10,"column":2}},"locations":[{"start":{"line":3,"column":15},"end":{"line":10,"column":2}}]}},"b":{"0":[1]},"fnMap":{"0":{"name":"Header","decl":{"start":{"line":3,"column":15},"end":{"line":10,"column":2}},"loc":{"start":{"line":3,"column":15},"end":{"line":10,"column":2}},"line":3}},"f":{"0":1}}
}
